
> react-ts-ui-kit@1.0.0 build-storybook
> storybook build --output-dir=C:\Users\hi\AppData\Local\Temp\chromatic--19872-O1shKcmH62IK

[1m@storybook/core v8.6.14
[22m
info => Cleaning outputDir: [36m..\..\AppData\Local\Temp\chromatic--19872-O1shKcmH62IK[39m
WARN Multiple main files found in your configDir (C:\Users\hi\Downloads\react-ts-ui-kit-complete\.storybook).
WARN Storybook will use the first one found and ignore the others. Please remove the extra files.
info => Loading presets
info => Building manager..
info => Manager built ([38;2;181;126;229m973 ms[39m)
info => Building preview..
WARN No story files found for the specified pattern: [34msrc\**\*.stories.@(js|jsx|ts|tsx|mdx)[39m
info Using tsconfig paths for react-docgen
[36mvite v6.3.5 [32mbuilding for production...[36m[39m
transforming...
[32m✓[39m 101 modules transformed.
rendering chunks...
computing gzip size...
[2m../../AppData/Local/Temp/chromatic--19872-O1shKcmH62IK/[22m[32miframe.html                               [39m[1m[2m 17.59 kB[22m[1m[22m[2m │ gzip:   4.99 kB[22m
[2m../../AppData/Local/Temp/chromatic--19872-O1shKcmH62IK/[22m[36massets/preview-CixoBB6X.js                [39m[1m[2m  0.16 kB[22m[1m[22m[2m │ gzip:   0.16 kB[22m
[2m../../AppData/Local/Temp/chromatic--19872-O1shKcmH62IK/[22m[36massets/preview-CvbIS5ZJ.js                [39m[1m[2m  0.18 kB[22m[1m[22m[2m │ gzip:   0.16 kB[22m
[2m../../AppData/Local/Temp/chromatic--19872-O1shKcmH62IK/[22m[36massets/index-BqIVwv1J.js                  [39m[1m[2m  0.42 kB[22m[1m[22m[2m │ gzip:   0.27 kB[22m
[2m../../AppData/Local/Temp/chromatic--19872-O1shKcmH62IK/[22m[36massets/preview-DHQbi4pV.js                [39m[1m[2m  0.61 kB[22m[1m[22m[2m │ gzip:   0.42 kB[22m
[2m../../AppData/Local/Temp/chromatic--19872-O1shKcmH62IK/[22m[36massets/chunk-XP5HYGXS-BpfKkqn7.js         [39m[1m[2m  0.71 kB[22m[1m[22m[2m │ gzip:   0.40 kB[22m
[2m../../AppData/Local/Temp/chromatic--19872-O1shKcmH62IK/[22m[36massets/preview-DGUiP6tS.js                [39m[1m[2m  0.71 kB[22m[1m[22m[2m │ gzip:   0.50 kB[22m
[2m../../AppData/Local/Temp/chromatic--19872-O1shKcmH62IK/[22m[36massets/index-DrFu-skq.js                  [39m[1m[2m  0.77 kB[22m[1m[22m[2m │ gzip:   0.47 kB[22m
[2m../../AppData/Local/Temp/chromatic--19872-O1shKcmH62IK/[22m[36massets/preview-CTZOH9Nx.js                [39m[1m[2m  0.86 kB[22m[1m[22m[2m │ gzip:   0.54 kB[22m
[2m../../AppData/Local/Temp/chromatic--19872-O1shKcmH62IK/[22m[36massets/react-18-DfdapGfS.js               [39m[1m[2m  0.89 kB[22m[1m[22m[2m │ gzip:   0.50 kB[22m
[2m../../AppData/Local/Temp/chromatic--19872-O1shKcmH62IK/[22m[36massets/preview-DD_OYowb.js                [39m[1m[2m  3.51 kB[22m[1m[22m[2m │ gzip:   1.69 kB[22m
[2m../../AppData/Local/Temp/chromatic--19872-O1shKcmH62IK/[22m[36massets/preview-B8lJiyuQ.js                [39m[1m[2m  5.06 kB[22m[1m[22m[2m │ gzip:   1.88 kB[22m
[2m../../AppData/Local/Temp/chromatic--19872-O1shKcmH62IK/[22m[36massets/index-D4H_InIO.js                  [39m[1m[2m  7.33 kB[22m[1m[22m[2m │ gzip:   2.96 kB[22m
[2m../../AppData/Local/Temp/chromatic--19872-O1shKcmH62IK/[22m[36massets/preview-BWzBA1C2.js                [39m[1m[2m  7.62 kB[22m[1m[22m[2m │ gzip:   1.56 kB[22m
[2m../../AppData/Local/Temp/chromatic--19872-O1shKcmH62IK/[22m[36massets/preview-BBWR9nbA.js                [39m[1m[2m  8.12 kB[22m[1m[22m[2m │ gzip:   3.10 kB[22m
[2m../../AppData/Local/Temp/chromatic--19872-O1shKcmH62IK/[22m[36massets/test-utils-PNlNfWpW.js             [39m[1m[2m 13.05 kB[22m[1m[22m[2m │ gzip:   5.09 kB[22m
[2m../../AppData/Local/Temp/chromatic--19872-O1shKcmH62IK/[22m[36massets/Color-YHDXOIA2-nXA4nDv5.js         [39m[1m[2m 29.31 kB[22m[1m[22m[2m │ gzip:  11.03 kB[22m
[2m../../AppData/Local/Temp/chromatic--19872-O1shKcmH62IK/[22m[36massets/entry-preview-B0QirD2w.js          [39m[1m[2m 29.76 kB[22m[1m[22m[2m │ gzip:   9.52 kB[22m
[2m../../AppData/Local/Temp/chromatic--19872-O1shKcmH62IK/[22m[36massets/index-DgH-xKnr.js                  [39m[1m[2m 57.15 kB[22m[1m[22m[2m │ gzip:  16.28 kB[22m
[2m../../AppData/Local/Temp/chromatic--19872-O1shKcmH62IK/[22m[36massets/index-DzKAYa42.js                  [39m[1m[2m134.66 kB[22m[1m[22m[2m │ gzip:  43.22 kB[22m
[2m../../AppData/Local/Temp/chromatic--19872-O1shKcmH62IK/[22m[36massets/iframe-DHOFqL3C.js                 [39m[1m[2m211.84 kB[22m[1m[22m[2m │ gzip:  71.62 kB[22m
[2m../../AppData/Local/Temp/chromatic--19872-O1shKcmH62IK/[22m[36massets/entry-preview-docs-BZ_V0LXc.js     [39m[1m[2m247.08 kB[22m[1m[22m[2m │ gzip:  73.42 kB[22m
[2m../../AppData/Local/Temp/chromatic--19872-O1shKcmH62IK/[22m[36massets/index-BJP845ST.js                  [39m[1m[33m662.17 kB[39m[22m[2m │ gzip: 156.69 kB[22m
[2m../../AppData/Local/Temp/chromatic--19872-O1shKcmH62IK/[22m[36massets/DocsRenderer-CFRXHY34-DnqzuNEv.js  [39m[1m[33m894.51 kB[39m[22m[2m │ gzip: 276.29 kB[22m
[32m✓ built in 7.19s[39m
info => Preview built ([38;2;181;126;229m8.87 s[39m)
info => Output directory: C:\Users\hi\AppData\Local\Temp\chromatic--19872-O1shKcmH62IK

[35m[1mattention[22m[39m => Storybook now collects completely anonymous telemetry regarding usage.
This information is used to shape Storybook's roadmap and prioritize features.
You can learn more, including how to opt-out if you'd not like to participate in this anonymous program, by visiting the following URL:
[36mhttps://storybook.js.org/telemetry[39m

